 
****************************************
Report : timing
        -path full
        -delay max
        -max_paths 1
Design : FullModule_RiscV
Version: O-2018.06-SP1
Date   : Wed Aug  6 02:16:08 2025
****************************************

 # A fanout number of 1000 was used for high fanout net computations.

Operating Conditions: WORST   Library: saed90nm_max
Wire Load Model Mode: enclosed

  Startpoint: regester_memo/memo_reg[31][0]
              (rising edge-triggered flip-flop clocked by clock_func)
  Endpoint: regester_memo/memo_reg[31][0]
            (rising edge-triggered flip-flop clocked by clock_func)
  Path Group: comp_paths
  Path Type: max

  Des/Clust/Port     Wire Load Model       Library
  ------------------------------------------------
  FullModule_RiscV   ForQA                 saed90nm_max
  reg_file           140000                saed90nm_max

  Point                                                   Incr       Path
  --------------------------------------------------------------------------
  clock clock_func (rise edge)                            0.00       0.00
  clock network delay (ideal)                             0.00       0.00
  regester_memo/memo_reg[31][0]/CLK (DFFX1)               0.00 #     0.00 r
  regester_memo/memo_reg[31][0]/Q (DFFX1)                 0.60       0.60 r
  regester_memo/U2711/QN (NAND2X1)                        3.35       3.95 f
  regester_memo/U5565/QN (NAND2X0)                        0.39       4.34 r
  regester_memo/memo_reg[31][0]/D (DFFX1)                 0.32       4.66 r
  data arrival time                                                  4.66

  clock clock_func (rise edge)                            5.00       5.00
  clock network delay (ideal)                             0.00       5.00
  clock uncertainty                                      -0.03       4.97
  regester_memo/memo_reg[31][0]/CLK (DFFX1)               0.00       4.97 r
  library setup time                                     -0.29       4.68
  data required time                                                 4.68
  --------------------------------------------------------------------------
  data required time                                                 4.68
  data arrival time                                                 -4.66
  --------------------------------------------------------------------------
  slack (MET)                                                        0.03


1
