 
****************************************
Report : area
Design : FullModule_RiscV
Version: O-2018.06-SP1
Date   : Wed Aug  6 02:16:04 2025
****************************************

Library(s) Used:

    saed90nm_max (File: /home/ICer/Downloads/Lib/synopsys/models/saed90nm_max.db)

Number of ports:                         1614
Number of nets:                         28291
Number of cells:                        25798
Number of combinational cells:          22574
Number of sequential cells:              3202
Number of macros/black boxes:               0
Number of buf/inv:                      14656
Number of references:                      15

Combinational area:             178491.801736
Buf/Inv area:                    90389.607868
Noncombinational area:           77215.333498
Macro/Black Box area:                0.000000
Net Interconnect area:           11259.921680

Total cell area:                255707.135234
Total area:                     266967.056915
1
