 
****************************************
Report : DFT signals
Design : FullModule_RiscV
Version: O-2018.06-SP1
Date   : Wed Aug  6 04:03:41 2025
****************************************

========================================
TEST MODE: all_dft
VIEW     : Specification
========================================
Port               SignalType          Active    Hookup    Timing    Usage
----------         ----------          ------    ------    ------    -----
scan_en            ScanEnable          1         -         -         -
scan_in_1          ScanDataIn          -         -         Delay 0.0 -
scan_out_1         ScanDataOut         -         -         -         -
scan_in_2          ScanDataIn          -         -         Delay 0.0 -
scan_out_2         ScanDataOut         -         -         -         -
scan_in_3          ScanDataIn          -         -         Delay 0.0 -
scan_out_3         ScanDataOut         -         -         -         -
scan_in_4          ScanDataIn          -         -         Delay 0.0 -
scan_out_4         ScanDataOut         -         -         -         -
scan_in_5          ScanDataIn          -         -         Delay 0.0 -
scan_out_5         ScanDataOut         -         -         -         -

========================================
TEST MODE: Internal_scan
VIEW     : Specification
========================================
Port               SignalType          Active    Hookup    Timing    Usage
----------         ----------          ------    ------    ------    -----
scan_en            ScanEnable          1         -         -         -
scan_in_1          ScanDataIn          -         -         Delay 0.0 -
scan_out_1         ScanDataOut         -         -         -         -
scan_in_2          ScanDataIn          -         -         Delay 0.0 -
scan_out_2         ScanDataOut         -         -         -         -
scan_in_3          ScanDataIn          -         -         Delay 0.0 -
scan_out_3         ScanDataOut         -         -         -         -
scan_in_4          ScanDataIn          -         -         Delay 0.0 -
scan_out_4         ScanDataOut         -         -         -         -
scan_in_5          ScanDataIn          -         -         Delay 0.0 -
scan_out_5         ScanDataOut         -         -         -         -

========================================
TEST MODE: Mission_mode
VIEW     : Specification
========================================
Port               SignalType          Active    Hookup    Timing    Usage
----------         ----------          ------    ------    ------    -----
scan_en            ScanEnable          1         -         -         -
scan_in_1          ScanDataIn          -         -         Delay 0.0 -
scan_out_1         ScanDataOut         -         -         -         -
scan_in_2          ScanDataIn          -         -         Delay 0.0 -
scan_out_2         ScanDataOut         -         -         -         -
scan_in_3          ScanDataIn          -         -         Delay 0.0 -
scan_out_3         ScanDataOut         -         -         -         -
scan_in_4          ScanDataIn          -         -         Delay 0.0 -
scan_out_4         ScanDataOut         -         -         -         -
scan_in_5          ScanDataIn          -         -         Delay 0.0 -
scan_out_5         ScanDataOut         -         -         -         -

1
