 
****************************************
Report : constraint
        -all_violators
Design : FullModule_RiscV
Version: O-2018.06-SP1
Date   : Wed Aug  6 04:03:41 2025
****************************************


   max_fanout

                             Required        Actual
   Net                        Fanout         Fanout          Slack
   -----------------------------------------------------------------
   scan_en                      3.00         316.16        -313.16  (VIOLATED)

   -----------------------------------------------------------------
   Total                      1                -313.16  

   max_capacitance

                             Required        Actual
   Net                      Capacitance    Capacitance       Slack
   -----------------------------------------------------------------
   scan_en                      4.00        1884.24       -1880.24  (VIOLATED)
   Alu_32b/add_9/n710           4.00           9.82          -5.82  (VIOLATED)
   Alu_32b/sub_10/n853          4.00           9.82          -5.82  (VIOLATED)
   pc_target/add_7/n744         4.00           9.82          -5.82  (VIOLATED)
   pc_target/add_7/n746         4.00           9.82          -5.82  (VIOLATED)
   pc_target/add_7/n748         4.00           9.82          -5.82  (VIOLATED)
   Alu_32b/add_9/n709           4.00           8.76          -4.76  (VIOLATED)
   Alu_32b/sub_10/n747          4.00           8.76          -4.76  (VIOLATED)
   pc_target/add_7/n741         4.00           8.76          -4.76  (VIOLATED)
   pc_target/add_7/n742         4.00           8.76          -4.76  (VIOLATED)
   Alu_32b/add_9/carry[30]      4.00           6.85          -2.85  (VIOLATED)
   Alu_32b/sub_10/carry[30]     4.00           6.85          -2.85  (VIOLATED)
   pc_target/add_7/carry[4]     4.00           6.85          -2.85  (VIOLATED)
   pc_target/add_7/carry[8]     4.00           6.85          -2.85  (VIOLATED)
   pc_target/add_7/carry[30]
                                4.00           6.85          -2.85  (VIOLATED)
   PC_4/add_6/n101              4.00           4.01          -0.01  (VIOLATED)

   -----------------------------------------------------------------
   Total                      16              -1942.64  

1
